Using pre-set license
Built from '2022.3/staging' branch; Version is '2022.3.6f1 (b9e6e7e9fa2d) revision 12183271'; Using compiler version '192829333'; Build Type 'Release'
OS: 'Windows 11  (10.0.26100) 64bit Core' Language: 'da' Physical Memory: 14120 MB
BatchMode: 1, IsHumanControllingUs: 0, StartBugReporterOnCrash: 0, Is64bit: 1, IsPro: 1

COMMAND LINE ARGUMENTS:
C:\Program Files\Unity\Hub\Editor\2022.3.6f1\Editor\Unity.exe
-adb2
-batchMode
-noUpm
-name
AssetImportWorker0
-projectPath
C:/Users/johan/OneDrive/Desktop/Skole/Sukkertoppen/3. G (3. N)/DDU/Minieksamensprojekt/interactive-storytelling
-logFile
Logs/AssetImportWorker0.log
-srvPort
61890
Successfully changed project path to: C:/Users/johan/OneDrive/Desktop/Skole/Sukkertoppen/3. G (3. N)/DDU/Minieksamensprojekt/interactive-storytelling
C:/Users/johan/OneDrive/Desktop/Skole/Sukkertoppen/3. G (3. N)/DDU/Minieksamensprojekt/interactive-storytelling
[UnityMemory] Configuration Parameters - Can be set up in boot.config
    "memorysetup-bucket-allocator-granularity=16"
    "memorysetup-bucket-allocator-bucket-count=8"
    "memorysetup-bucket-allocator-block-size=33554432"
    "memorysetup-bucket-allocator-block-count=8"
    "memorysetup-main-allocator-block-size=16777216"
    "memorysetup-thread-allocator-block-size=16777216"
    "memorysetup-gfx-main-allocator-block-size=16777216"
    "memorysetup-gfx-thread-allocator-block-size=16777216"
    "memorysetup-cache-allocator-block-size=4194304"
    "memorysetup-typetree-allocator-block-size=2097152"
    "memorysetup-profiler-bucket-allocator-granularity=16"
    "memorysetup-profiler-bucket-allocator-bucket-count=8"
    "memorysetup-profiler-bucket-allocator-block-size=33554432"
    "memorysetup-profiler-bucket-allocator-block-count=8"
    "memorysetup-profiler-allocator-block-size=16777216"
    "memorysetup-profiler-editor-allocator-block-size=1048576"
    "memorysetup-temp-allocator-size-main=16777216"
    "memorysetup-job-temp-allocator-block-size=2097152"
    "memorysetup-job-temp-allocator-block-size-background=1048576"
    "memorysetup-job-temp-allocator-reduction-small-platforms=262144"
    "memorysetup-allocator-temp-initial-block-size-main=262144"
    "memorysetup-allocator-temp-initial-block-size-worker=262144"
    "memorysetup-temp-allocator-size-background-worker=32768"
    "memorysetup-temp-allocator-size-job-worker=262144"
    "memorysetup-temp-allocator-size-preload-manager=33554432"
    "memorysetup-temp-allocator-size-nav-mesh-worker=65536"
    "memorysetup-temp-allocator-size-audio-worker=65536"
    "memorysetup-temp-allocator-size-cloud-worker=32768"
    "memorysetup-temp-allocator-size-gi-baking-worker=262144"
    "memorysetup-temp-allocator-size-gfx=262144"
Player connection [14168] Host "[IP] 192.168.1.84 [Port] 0 [Flags] 2 [Guid] 2519758282 [EditorId] 2519758282 [Version] 1048832 [Id] WindowsEditor(7,Johans-bærbar) [Debug] 1 [PackageName] WindowsEditor [ProjectName] Editor" joined multi-casting on [225.0.0.222:54997]...

Player connection [14168] Host "[IP] 192.168.1.84 [Port] 0 [Flags] 2 [Guid] 2519758282 [EditorId] 2519758282 [Version] 1048832 [Id] WindowsEditor(7,Johans-bærbar) [Debug] 1 [PackageName] WindowsEditor [ProjectName] Editor" joined alternative multi-casting on [225.0.0.222:34997]...

Refreshing native plugins compatible for Editor in 11.46 ms, found 3 plugins.
Preloading 0 native plugins for Editor in 0.00 ms.
Initialize engine version: 2022.3.6f1 (b9e6e7e9fa2d)
[Subsystems] Discovering subsystems at path C:/Program Files/Unity/Hub/Editor/2022.3.6f1/Editor/Data/Resources/UnitySubsystems
[Subsystems] Discovering subsystems at path C:/Users/johan/OneDrive/Desktop/Skole/Sukkertoppen/3. G (3. N)/DDU/Minieksamensprojekt/interactive-storytelling/Assets
GfxDevice: creating device client; threaded=0; jobified=0
Direct3D:
    Version:  Direct3D 11.0 [level 11.1]
    Renderer: AMD Radeon 780M Graphics (ID=0x1900)
    Vendor:   ATI
    VRAM:     7060 MB
    Driver:   31.0.22060.3004
Initialize mono
Mono path[0] = 'C:/Program Files/Unity/Hub/Editor/2022.3.6f1/Editor/Data/Managed'
Mono path[1] = 'C:/Program Files/Unity/Hub/Editor/2022.3.6f1/Editor/Data/MonoBleedingEdge/lib/mono/unityjit-win32'
Mono config path = 'C:/Program Files/Unity/Hub/Editor/2022.3.6f1/Editor/Data/MonoBleedingEdge/etc'
Using monoOptions --debugger-agent=transport=dt_socket,embedding=1,server=y,suspend=n,address=127.0.0.1:56360
Begin MonoManager ReloadAssembly
Registering precompiled unity dll's ...
Register platform support module: C:/Program Files/Unity/Hub/Editor/2022.3.6f1/Editor/Data/PlaybackEngines/WindowsStandaloneSupport/UnityEditor.WindowsStandalone.Extensions.dll
Registered in 0.006183 seconds.
- Loaded All Assemblies, in  0.216 seconds
Native extension for WindowsStandalone target not found
Mono: successfully reloaded assembly
- Finished resetting the current domain, in  0.165 seconds
Domain Reload Profiling: 380ms
	BeginReloadAssembly (56ms)
		ExecutionOrderSort (0ms)
		DisableScriptedObjects (0ms)
		BackupInstance (0ms)
		ReleaseScriptingObjects (0ms)
		CreateAndSetChildDomain (0ms)
	RebuildCommonClasses (21ms)
	RebuildNativeTypeToScriptingClass (6ms)
	initialDomainReloadingComplete (38ms)
	LoadAllAssembliesAndSetupDomain (93ms)
		LoadAssemblies (54ms)
		RebuildTransferFunctionScriptingTraits (0ms)
		AnalyzeDomain (89ms)
			TypeCache.Refresh (89ms)
				TypeCache.ScanAssembly (81ms)
			ScanForSourceGeneratedMonoScriptInfo (0ms)
			ResolveRequiredComponents (0ms)
	FinalizeReload (165ms)
		ReleaseScriptCaches (0ms)
		RebuildScriptCaches (0ms)
		SetupLoadedEditorAssemblies (130ms)
			LogAssemblyErrors (0ms)
			InitializePlatformSupportModulesInManaged (7ms)
			SetLoadedEditorAssemblies (5ms)
			RefreshPlugins (0ms)
			BeforeProcessingInitializeOnLoad (1ms)
			ProcessInitializeOnLoadAttributes (82ms)
			ProcessInitializeOnLoadMethodAttributes (35ms)
			AfterProcessingInitializeOnLoad (0ms)
			EditorAssembliesLoaded (0ms)
		ExecutionOrderSort2 (0ms)
		AwakeInstancesAfterBackupRestoration (0ms)
========================================================================
Worker process is ready to serve import requests
Begin MonoManager ReloadAssembly
Symbol file LoadedFromMemory doesn't match image C:\Users\johan\OneDrive\Desktop\Skole\Sukkertoppen\3. G (3. N)\DDU\Minieksamensprojekt\interactive-storytelling\Library\PackageCache\com.unity.visualscripting@1.8.0\Editor\VisualScripting.Core\Dependencies\YamlDotNet\Unity.VisualScripting.YamlDotNet.dll
Symbol file LoadedFromMemory doesn't match image C:\Users\johan\OneDrive\Desktop\Skole\Sukkertoppen\3. G (3. N)\DDU\Minieksamensprojekt\interactive-storytelling\Library\PackageCache\com.unity.visualscripting@1.8.0\Editor\VisualScripting.Core\Dependencies\DotNetZip\Unity.VisualScripting.IonicZip.dll
- Loaded All Assemblies, in  0.552 seconds
Refreshing native plugins compatible for Editor in 2.88 ms, found 3 plugins.
Native extension for WindowsStandalone target not found
Mono: successfully reloaded assembly
- Finished resetting the current domain, in  0.408 seconds
Domain Reload Profiling: 958ms
	BeginReloadAssembly (106ms)
		ExecutionOrderSort (0ms)
		DisableScriptedObjects (4ms)
		BackupInstance (0ms)
		ReleaseScriptingObjects (0ms)
		CreateAndSetChildDomain (21ms)
	RebuildCommonClasses (26ms)
	RebuildNativeTypeToScriptingClass (7ms)
	initialDomainReloadingComplete (32ms)
	LoadAllAssembliesAndSetupDomain (378ms)
		LoadAssemblies (199ms)
		RebuildTransferFunctionScriptingTraits (0ms)
		AnalyzeDomain (225ms)
			TypeCache.Refresh (209ms)
				TypeCache.ScanAssembly (196ms)
			ScanForSourceGeneratedMonoScriptInfo (13ms)
			ResolveRequiredComponents (2ms)
	FinalizeReload (409ms)
		ReleaseScriptCaches (0ms)
		RebuildScriptCaches (0ms)
		SetupLoadedEditorAssemblies (296ms)
			LogAssemblyErrors (0ms)
			InitializePlatformSupportModulesInManaged (5ms)
			SetLoadedEditorAssemblies (3ms)
			RefreshPlugins (0ms)
			BeforeProcessingInitializeOnLoad (49ms)
			ProcessInitializeOnLoadAttributes (221ms)
			ProcessInitializeOnLoadMethodAttributes (13ms)
			AfterProcessingInitializeOnLoad (6ms)
			EditorAssembliesLoaded (0ms)
		ExecutionOrderSort2 (0ms)
		AwakeInstancesAfterBackupRestoration (7ms)
Launched and connected shader compiler UnityShaderCompiler.exe after 0.04 seconds
Refreshing native plugins compatible for Editor in 3.07 ms, found 3 plugins.
Preloading 0 native plugins for Editor in 0.00 ms.
Unloading 3127 Unused Serialized files (Serialized files now loaded: 0)
Unloading 32 unused Assets / (56.4 KB). Loaded Objects now: 3593.
Memory consumption went from 118.2 MB to 118.2 MB.
Total: 2.710300 ms (FindLiveObjects: 0.223000 ms CreateObjectMapping: 0.047700 ms MarkObjects: 2.322100 ms  DeleteObjects: 0.116100 ms)

AssetImportParameters requested are different than current active one (requested -> active):
  custom:container-demuxer-ogg: 62fdf1f143b41e24485cea50d1cbac27 -> 
  custom:video-codec-MediaFoundation-h265: 746d11721c4dcdbdad8f713fa42b33f4 -> 
  custom:video-decoder-ogg-theora: a1e56fd34408186e4bbccfd4996cb3dc -> 
  custom:framework-win-MediaFoundation: 216162199b28c13a410421893ffa2e32 -> 
  custom:CustomObjectIndexerAttribute: 756ad292c208cfabdd7b50bc23989ffe -> 
  custom:container-demuxer-webm: 4f35f7cbe854078d1ac9338744f61a02 -> 
  custom:container-muxer-webm: aa71ff27fc2769a1b78a27578f13a17b -> 
  custom:video-decoder-webm-vp8: 9c59270c3fd7afecdb556c50c9e8de78 -> 
  custom:SearchIndexIgnoredProperties: e643bd26f0fe6173181afceb89e7c659 -> 
  custom:AudioImporter_EditorPlatform: d09bf68614088b80899f8185d706f6e7 -> 
  custom:video-encoder-webm-vp8: eb34c28f22e8b96e1ab97ce403110664 -> 
  custom:audio-decoder-ogg-vorbis: bf7c407c2cedff20999df2af8eb42d56 -> 
  custom:audio-encoder-webm-vorbis: bf7c407c2cedff20999df2af8eb42d56 -> 
========================================================================
Received Import Request.
  Time since last request: 162608.543808 seconds.
  path: Assets/Textures
  artifactKey: Guid(af44a331869b93644bb7724bc619b185) Importer(815301076,1909f56bfc062723c751e8b465ee728b)
Start importing Assets/Textures using Guid(af44a331869b93644bb7724bc619b185) Importer(815301076,1909f56bfc062723c751e8b465ee728b)  -> (artifact id: 'f563a9144d2159234fcafd8b41a35d4c') in 0.004409 seconds
Number of updated asset objects reloaded before import = 0
Number of asset objects unloaded after import = 0
========================================================================
Received Import Request.
  Time since last request: 28.793294 seconds.
  path: Assets/Textures/Jord.mat
  artifactKey: Guid(f205078303776884e911e3280957d303) Importer(815301076,1909f56bfc062723c751e8b465ee728b)
Start importing Assets/Textures/Jord.mat using Guid(f205078303776884e911e3280957d303) Importer(815301076,1909f56bfc062723c751e8b465ee728b)  -> (artifact id: 'b1796f5be3ab282844fddfc56116e733') in 0.096241 seconds
Number of updated asset objects reloaded before import = 0
Number of asset objects unloaded after import = 1
========================================================================
Received Import Request.
  Time since last request: 136.332406 seconds.
  path: Assets/Textures/tr.png
  artifactKey: Guid(d91af2738ac80ba4aa3615768f219b0d) Importer(815301076,1909f56bfc062723c751e8b465ee728b)
Start importing Assets/Textures/tr.png using Guid(d91af2738ac80ba4aa3615768f219b0d) Importer(815301076,1909f56bfc062723c751e8b465ee728b)  -> (artifact id: '060517ad05358bcd6edb11a30468beba') in 0.026006 seconds
Number of updated asset objects reloaded before import = 0
Number of asset objects unloaded after import = 2
========================================================================
Received Import Request.
  Time since last request: 2.899754 seconds.
  path: Assets/Materials
  artifactKey: Guid(02f9a38d042aebe449895e4c1a5b4f53) Importer(815301076,1909f56bfc062723c751e8b465ee728b)
Start importing Assets/Materials using Guid(02f9a38d042aebe449895e4c1a5b4f53) Importer(815301076,1909f56bfc062723c751e8b465ee728b)  -> (artifact id: '41ce9565c6b9356d400796b6db289e71') in 0.000851 seconds
Number of updated asset objects reloaded before import = 0
Number of asset objects unloaded after import = 0
========================================================================
Received Import Request.
  Time since last request: 9.425673 seconds.
  path: Assets/Materials/Jord.mat
  artifactKey: Guid(d70fed4f0f99896488e7095e663e589b) Importer(815301076,1909f56bfc062723c751e8b465ee728b)
Start importing Assets/Materials/Jord.mat using Guid(d70fed4f0f99896488e7095e663e589b) Importer(815301076,1909f56bfc062723c751e8b465ee728b)  -> (artifact id: '29de226911a5cbf3fa9849f87dea778c') in 0.024426 seconds
Number of updated asset objects reloaded before import = 0
Number of asset objects unloaded after import = 1
========================================================================
Received Import Request.
  Time since last request: 243.973313 seconds.
  path: Assets/Textures/trpoints2.png
  artifactKey: Guid(55b91614497976c40b6b049d53b50d3c) Importer(815301076,1909f56bfc062723c751e8b465ee728b)
Start importing Assets/Textures/trpoints2.png using Guid(55b91614497976c40b6b049d53b50d3c) Importer(815301076,1909f56bfc062723c751e8b465ee728b)  -> (artifact id: '3b077e6a3123165e02525837bd4e639c') in 0.022476 seconds
Number of updated asset objects reloaded before import = 0
Number of asset objects unloaded after import = 2
========================================================================
Received Import Request.
  Time since last request: 95.776410 seconds.
  path: Assets/Textures/trpoints3.png
  artifactKey: Guid(2e0bfcedc38114746baabc3e3bb5564a) Importer(815301076,1909f56bfc062723c751e8b465ee728b)
Start importing Assets/Textures/trpoints3.png using Guid(2e0bfcedc38114746baabc3e3bb5564a) Importer(815301076,1909f56bfc062723c751e8b465ee728b)  -> (artifact id: 'c7404c13d65c0704787a290c8903d86f') in 0.025784 seconds
Number of updated asset objects reloaded before import = 0
Number of asset objects unloaded after import = 2
========================================================================
Received Import Request.
  Time since last request: 47.545851 seconds.
  path: Assets/Textures/trpoints3.png
  artifactKey: Guid(2e0bfcedc38114746baabc3e3bb5564a) Importer(815301076,1909f56bfc062723c751e8b465ee728b)
Start importing Assets/Textures/trpoints3.png using Guid(2e0bfcedc38114746baabc3e3bb5564a) Importer(815301076,1909f56bfc062723c751e8b465ee728b)  -> (artifact id: 'db4ae20d620bb38ec8f86b6b7b78e16c') in 0.039004 seconds
Number of updated asset objects reloaded before import = 0
Number of asset objects unloaded after import = 2
========================================================================
Received Import Request.
  Time since last request: 118.146888 seconds.
  path: Assets/Materials/Jord.mat
  artifactKey: Guid(d70fed4f0f99896488e7095e663e589b) Importer(815301076,1909f56bfc062723c751e8b465ee728b)
Start importing Assets/Materials/Jord.mat using Guid(d70fed4f0f99896488e7095e663e589b) Importer(815301076,1909f56bfc062723c751e8b465ee728b)  -> (artifact id: '6f59de3a17fbb35a3d1a80acefa85094') in 0.169505 seconds
Number of updated asset objects reloaded before import = 0
Number of asset objects unloaded after import = 2
